INFO 2025-06-09 04:05:36,120 django.utils.autoreload 25527 140126777730880 Watching for file changes with StatReloader
INFO 2025-06-09 04:05:36,932 chats.middleware 25527 140126746269440 Request logging initialized
INFO 2025-06-09 04:06:17,399 chats.middleware 25527 140126663472896 2025-06-09 04:06:17.399451 - User:   - Path: /api/
INFO 2025-06-09 04:06:20,959 chats.middleware 25527 140126663472896 2025-06-09 04:06:20.959001 - User:   - Path: /api/users/
INFO 2025-06-09 04:06:47,181 chats.middleware 25527 140126663472896 2025-06-09 04:06:47.181005 - User:   - Path: /api/
INFO 2025-06-09 04:06:56,096 chats.middleware 25527 140126663472896 2025-06-09 04:06:56.096842 - User:   - Path: /api/users/
INFO 2025-06-09 04:07:38,877 chats.middleware 25527 140126663472896 2025-06-09 04:07:38.877175 - User:   - Path: /api/users/
INFO 2025-06-09 04:07:54,768 chats.middleware 25527 140126663472896 2025-06-09 04:07:54.768715 - User:   - Path: /api/
INFO 2025-06-09 04:08:09,177 chats.middleware 25527 140126663472896 2025-06-09 04:08:09.177769 - User:   - Path: /api/users/
INFO 2025-06-09 04:08:33,027 chats.middleware 25527 140126655080192 2025-06-09 04:08:33.027258 - User:   - Path: /api/users/
INFO 2025-06-09 08:43:16,049 django.utils.autoreload 25527 140126777730880 /home/alxprodev/alx-backend-python/Django-Middleware-0x03/chats/middleware.py changed, reloading.
INFO 2025-06-09 08:43:23,521 django.utils.autoreload 59168 139803193534272 Watching for file changes with StatReloader
INFO 2025-06-09 09:09:24,351 django.utils.autoreload 59168 139803193534272 /home/alxprodev/alx-backend-python/Django-Middleware-0x03/chats/middleware.py changed, reloading.
INFO 2025-06-09 09:09:25,705 django.utils.autoreload 60689 139945211123520 Watching for file changes with StatReloader
INFO 2025-06-09 09:09:34,402 django.utils.autoreload 60689 139945211123520 /home/alxprodev/alx-backend-python/Django-Middleware-0x03/chats/middleware.py changed, reloading.
INFO 2025-06-09 09:09:35,058 django.utils.autoreload 60742 140156461016896 Watching for file changes with StatReloader
INFO 2025-06-09 09:24:54,152 django.utils.autoreload 60742 140156461016896 /home/alxprodev/alx-backend-python/Django-Middleware-0x03/chats/middleware.py changed, reloading.
INFO 2025-06-09 09:24:54,709 django.utils.autoreload 62294 139882383370048 Watching for file changes with StatReloader
INFO 2025-06-09 09:24:54,932 chats.middleware 62294 139882351908608 Request logging initialized
INFO 2025-06-09 09:25:40,369 django.utils.autoreload 62294 139882383370048 /home/alxprodev/alx-backend-python/Django-Middleware-0x03/chats/middleware.py changed, reloading.
INFO 2025-06-09 09:25:40,958 django.utils.autoreload 62379 140258761516864 Watching for file changes with StatReloader
INFO 2025-06-09 09:44:00,206 django.utils.autoreload 62379 140258761516864 /home/alxprodev/alx-backend-python/Django-Middleware-0x03/chats/middleware.py changed, reloading.
INFO 2025-06-09 09:44:00,747 django.utils.autoreload 64268 140681764280128 Watching for file changes with StatReloader
INFO 2025-06-09 09:44:01,044 chats.middleware 64268 140681732818688 Request logging initialized
INFO 2025-06-09 09:44:47,604 django.utils.autoreload 64268 140681764280128 /home/alxprodev/alx-backend-python/Django-Middleware-0x03/chats/middleware.py changed, reloading.
INFO 2025-06-09 09:44:48,142 django.utils.autoreload 64390 140443226081088 Watching for file changes with StatReloader
INFO 2025-06-09 09:44:48,396 chats.middleware 64390 140443194619648 Request logging initialized
INFO 2025-06-09 09:54:07,311 django.utils.autoreload 64390 140443226081088 /home/alxprodev/alx-backend-python/Django-Middleware-0x03/messaging_app/settings.py changed, reloading.
INFO 2025-06-09 09:54:08,014 django.utils.autoreload 65342 140399230166848 Watching for file changes with StatReloader
INFO 2025-06-09 09:54:08,326 chats.middleware 65342 140399198705408 Time base access is in place: 18:00:00 to 21:00:00
INFO 2025-06-09 09:54:08,326 chats.middleware 65342 140399198705408 Request logging initialized
INFO 2025-06-09 09:57:23,112 django.utils.autoreload 65342 140399230166848 /home/alxprodev/alx-backend-python/Django-Middleware-0x03/chats/middleware.py changed, reloading.
INFO 2025-06-09 09:57:23,793 django.utils.autoreload 65702 140304178980672 Watching for file changes with StatReloader
INFO 2025-06-09 09:57:24,076 chats.middleware 65702 140304147519232 Time base access is in place: 18:00:00 to 21:00:00
INFO 2025-06-09 09:57:24,077 chats.middleware 65702 140304147519232 Request logging initialized
INFO 2025-06-09 09:58:50,236 django.utils.autoreload 65702 140304178980672 /home/alxprodev/alx-backend-python/Django-Middleware-0x03/chats/middleware.py changed, reloading.
INFO 2025-06-09 09:58:50,767 django.utils.autoreload 65907 140327614965568 Watching for file changes with StatReloader
INFO 2025-06-09 09:58:51,041 chats.middleware 65907 140327583504128 Time base access is in place: 18:00:00 to 21:00:00
INFO 2025-06-09 09:58:51,042 chats.middleware 65907 140327583504128 Request logging initialized
INFO 2025-06-09 09:59:16,095 django.utils.autoreload 65907 140327614965568 /home/alxprodev/alx-backend-python/Django-Middleware-0x03/chats/middleware.py changed, reloading.
INFO 2025-06-09 09:59:16,697 django.utils.autoreload 65968 139630734022464 Watching for file changes with StatReloader
INFO 2025-06-09 09:59:17,070 chats.middleware 65968 139630702561024 Time base access is in place: 18:00:00 to 21:00:00
INFO 2025-06-09 09:59:17,071 chats.middleware 65968 139630702561024 Request logging initialized
INFO 2025-06-09 10:05:11,062 django.utils.autoreload 65968 139630734022464 /home/alxprodev/alx-backend-python/Django-Middleware-0x03/chats/middleware.py changed, reloading.
INFO 2025-06-09 10:05:11,661 django.utils.autoreload 66599 140194035509056 Watching for file changes with StatReloader
INFO 2025-06-09 10:05:11,916 chats.middleware 66599 140194004047616 Time base access is in place: 18:00:00 to 21:00:00
INFO 2025-06-09 10:05:11,917 chats.middleware 66599 140194004047616 Request logging initialized
ERROR 2025-06-09 10:06:58,018 django.request 66599 140193990203136 Internal Server Error: /api/
Traceback (most recent call last):
  File "/home/alxprodev/alx-backend-python/messaging_app/venv/lib/python3.8/site-packages/django/core/handlers/exception.py", line 55, in inner
    response = get_response(request)
  File "/home/alxprodev/alx-backend-python/Django-Middleware-0x03/chats/middleware.py", line 45, in __call__
    if not self.is_time_allowed(current_time):
  File "/home/alxprodev/alx-backend-python/Django-Middleware-0x03/chats/middleware.py", line 40, in is_time_allowed
    return self.start_time <= current_time <= self.end_time
TypeError: '<=' not supported between instances of 'datetime.time' and 'builtin_function_or_method'
INFO 2025-06-09 10:06:58,019 chats.middleware 66599 140193990203136 2025-06-09 10:06:58.019059+00:00 - User:   - Path: /api/
INFO 2025-06-09 10:12:24,268 django.utils.autoreload 66599 140194035509056 /home/alxprodev/alx-backend-python/Django-Middleware-0x03/chats/middleware.py changed, reloading.
INFO 2025-06-09 10:12:24,929 django.utils.autoreload 67401 140166152890176 Watching for file changes with StatReloader
INFO 2025-06-09 10:12:25,236 chats.middleware 67401 140166121428736 Time base access is in place: 18:00:00 to 21:00:00
INFO 2025-06-09 10:12:25,236 chats.middleware 67401 140166121428736 Request logging initialized
INFO 2025-06-09 10:12:38,756 django.utils.autoreload 67401 140166152890176 /home/alxprodev/alx-backend-python/Django-Middleware-0x03/chats/middleware.py changed, reloading.
INFO 2025-06-09 10:12:39,273 django.utils.autoreload 67488 140541472847680 Watching for file changes with StatReloader
INFO 2025-06-09 10:12:39,521 chats.middleware 67488 140541441386240 Time based access is in place: 18:00:00 to 21:00:00
INFO 2025-06-09 10:12:39,522 chats.middleware 67488 140541441386240 Request logging initialized
WARNING 2025-06-09 10:12:56,078 chats.middleware 67488 140541427541760 Access denied at 10:12:56.078041 - Outside allowed hours
INFO 2025-06-09 10:12:56,093 chats.middleware 67488 140541427541760 2025-06-09 10:12:56.093583+00:00 - User:   - Path: /api/
WARNING 2025-06-09 10:12:56,094 django.request 67488 140541427541760 Forbidden: /api/
INFO 2025-06-09 12:55:19,458 django.utils.autoreload 67488 140541472847680 /home/alxprodev/alx-backend-python/Django-Middleware-0x03/chats/middleware.py changed, reloading.
INFO 2025-06-09 12:55:21,547 django.utils.autoreload 84099 139789547001664 Watching for file changes with StatReloader
INFO 2025-06-09 13:17:30,683 django.utils.autoreload 84099 139789547001664 /home/alxprodev/alx-backend-python/Django-Middleware-0x03/chats/middleware.py changed, reloading.
INFO 2025-06-09 13:17:31,426 django.utils.autoreload 86596 139787871381312 Watching for file changes with StatReloader
INFO 2025-06-09 13:18:59,937 django.utils.autoreload 86596 139787871381312 /home/alxprodev/alx-backend-python/Django-Middleware-0x03/chats/middleware.py changed, reloading.
INFO 2025-06-09 13:19:00,474 django.utils.autoreload 86835 140022118942528 Watching for file changes with StatReloader
INFO 2025-06-09 13:19:00,757 chats.middleware 86835 140022087481088 Time based access is in place: 18:00:00 to 21:00:00
INFO 2025-06-09 13:19:00,757 chats.middleware 86835 140022087481088 Request logging initialized
INFO 2025-06-09 13:21:07,378 django.utils.autoreload 86835 140022118942528 /home/alxprodev/alx-backend-python/Django-Middleware-0x03/chats/middleware.py changed, reloading.
INFO 2025-06-09 13:21:07,894 django.utils.autoreload 87092 140125209155392 Watching for file changes with StatReloader
INFO 2025-06-09 13:21:08,138 chats.middleware 87092 140125177693952 Time based access is in place: 18:00:00 to 21:00:00
INFO 2025-06-09 13:21:08,139 chats.middleware 87092 140125177693952 Request logging initialized
WARNING 2025-06-09 13:23:50,935 chats.middleware 87092 140125163849472 Access denied at 13:23:50.935692 - Outside allowed hours
INFO 2025-06-09 13:23:50,958 chats.middleware 87092 140125163849472 2025-06-09 13:23:50.958887+00:00 - User:   - Path: /api/register/
WARNING 2025-06-09 13:23:50,959 django.request 87092 140125163849472 Forbidden: /api/register/
INFO 2025-06-09 13:29:04,005 django.utils.autoreload 87092 140125209155392 /home/alxprodev/alx-backend-python/Django-Middleware-0x03/messaging_app/settings.py changed, reloading.
INFO 2025-06-09 13:29:04,653 django.utils.autoreload 88018 139850056787776 Watching for file changes with StatReloader
INFO 2025-06-09 13:29:04,955 chats.middleware 88018 139850025326336 Time based access is in place: 18:00:00 to 21:00:00
INFO 2025-06-09 13:29:04,956 chats.middleware 88018 139850025326336 Request logging initialized
INFO 2025-06-09 13:42:06,185 django.utils.autoreload 88018 139850056787776 /home/alxprodev/alx-backend-python/Django-Middleware-0x03/chats/middleware.py changed, reloading.
INFO 2025-06-09 13:42:08,188 django.utils.autoreload 89418 140452520527680 Watching for file changes with StatReloader
INFO 2025-06-09 13:42:08,508 chats.middleware 89418 140452489066240 Time based access is in place: 18:00:00 to 21:00:00
INFO 2025-06-09 13:42:08,509 chats.middleware 89418 140452489066240 Request logging initialized
INFO 2025-06-09 13:50:58,164 django.utils.autoreload 89418 140452520527680 /home/alxprodev/alx-backend-python/Django-Middleware-0x03/chats/middleware.py changed, reloading.
INFO 2025-06-09 13:50:58,755 django.utils.autoreload 90448 140701584115520 Watching for file changes with StatReloader
INFO 2025-06-09 13:50:59,010 chats.middleware 90448 140701552654080 Time based access is in place: 18:00:00 to 21:00:00
INFO 2025-06-09 13:50:59,011 chats.middleware 90448 140701552654080 Request logging initialized
WARNING 2025-06-09 13:53:21,783 chats.middleware 90448 140701538809600 Access denied at 13:53:21.783179 - Outside allowed hours
INFO 2025-06-09 13:53:21,783 chats.middleware 90448 140701538809600 2025-06-09 13:53:21.783864+00:00 - User: Anonymous - Path: /api/token/
WARNING 2025-06-09 13:53:21,784 django.request 90448 140701538809600 Forbidden: /api/token/
INFO 2025-06-09 13:55:38,365 django.utils.autoreload 90448 140701584115520 /home/alxprodev/alx-backend-python/Django-Middleware-0x03/chats/middleware.py changed, reloading.
INFO 2025-06-09 13:55:39,064 django.utils.autoreload 91140 140642626168640 Watching for file changes with StatReloader
INFO 2025-06-09 13:55:39,463 chats.middleware 91140 140642594707200 Time based access is in place: 18:00:00 to 21:00:00
INFO 2025-06-09 13:55:39,464 chats.middleware 91140 140642594707200 Request logging initialized
INFO 2025-06-10 03:51:00,208 django.utils.autoreload 3042 140303029040960 Watching for file changes with StatReloader
INFO 2025-06-10 03:51:00,938 chats.middleware 3042 140302997579520 Time based access is in place: 18:00:00 to 21:00:00
INFO 2025-06-10 03:51:00,939 chats.middleware 3042 140302997579520 Request logging initialized
INFO 2025-06-10 05:20:52,154 django.utils.autoreload 5891 139809390290752 Watching for file changes with StatReloader
INFO 2025-06-10 05:20:52,476 chats.middleware 5891 139809358829312 Time based access is in place: 18:00:00 to 21:00:00
INFO 2025-06-10 05:20:52,477 chats.middleware 5891 139809358829312 Request logging initialized
WARNING 2025-06-10 05:21:03,025 chats.middleware 5891 139809344984832 Access denied at 05:21:03.025910 - Outside allowed hours
INFO 2025-06-10 05:21:03,086 chats.middleware 5891 139809344984832 2025-06-10 05:21:03.086642+00:00 - User:   - Path: /
WARNING 2025-06-10 05:21:03,087 django.request 5891 139809344984832 Forbidden: /
WARNING 2025-06-10 05:21:04,287 chats.middleware 5891 139809344984832 Access denied at 05:21:04.287529 - Outside allowed hours
INFO 2025-06-10 05:21:04,292 chats.middleware 5891 139809344984832 2025-06-10 05:21:04.292481+00:00 - User:   - Path: /favicon.ico
WARNING 2025-06-10 05:21:04,293 django.request 5891 139809344984832 Forbidden: /favicon.ico
INFO 2025-06-10 05:21:26,175 django.utils.autoreload 5891 139809390290752 /home/alxprodev/alx-backend-python/Django-Middleware-0x03/messaging_app/settings.py changed, reloading.
INFO 2025-06-10 05:21:26,804 django.utils.autoreload 6024 140711135012672 Watching for file changes with StatReloader
INFO 2025-06-10 05:21:27,096 chats.middleware 6024 140711103551232 Request logging initialized
ERROR 2025-06-10 05:21:32,336 django.request 6024 140711081314048 Internal Server Error: /
Traceback (most recent call last):
  File "/home/alxprodev/alx-backend-python/messaging_app/venv/lib/python3.8/site-packages/django/core/handlers/exception.py", line 55, in inner
    response = get_response(request)
  File "/home/alxprodev/alx-backend-python/Django-Middleware-0x03/chats/middleware.py", line 81, in __call__
    cache.set(key, request_times, timeout=self.WINDOW_SECONDS)
UnboundLocalError: local variable 'key' referenced before assignment
INFO 2025-06-10 05:21:32,337 chats.middleware 6024 140711081314048 2025-06-10 05:21:32.337684+00:00 - User:   - Path: /
ERROR 2025-06-10 05:21:33,150 django.request 6024 140711081314048 Internal Server Error: /favicon.ico
Traceback (most recent call last):
  File "/home/alxprodev/alx-backend-python/messaging_app/venv/lib/python3.8/site-packages/django/core/handlers/exception.py", line 55, in inner
    response = get_response(request)
  File "/home/alxprodev/alx-backend-python/Django-Middleware-0x03/chats/middleware.py", line 81, in __call__
    cache.set(key, request_times, timeout=self.WINDOW_SECONDS)
UnboundLocalError: local variable 'key' referenced before assignment
INFO 2025-06-10 05:21:33,151 chats.middleware 6024 140711081314048 2025-06-10 05:21:33.151297+00:00 - User:   - Path: /favicon.ico
ERROR 2025-06-10 05:21:50,579 django.request 6024 140711081314048 Internal Server Error: /api/
Traceback (most recent call last):
  File "/home/alxprodev/alx-backend-python/messaging_app/venv/lib/python3.8/site-packages/django/core/handlers/exception.py", line 55, in inner
    response = get_response(request)
  File "/home/alxprodev/alx-backend-python/Django-Middleware-0x03/chats/middleware.py", line 81, in __call__
    cache.set(key, request_times, timeout=self.WINDOW_SECONDS)
UnboundLocalError: local variable 'key' referenced before assignment
INFO 2025-06-10 05:21:50,580 chats.middleware 6024 140711081314048 2025-06-10 05:21:50.580104+00:00 - User:   - Path: /api/
ERROR 2025-06-10 05:21:51,074 django.request 6024 140711081314048 Internal Server Error: /favicon.ico
Traceback (most recent call last):
  File "/home/alxprodev/alx-backend-python/messaging_app/venv/lib/python3.8/site-packages/django/core/handlers/exception.py", line 55, in inner
    response = get_response(request)
  File "/home/alxprodev/alx-backend-python/Django-Middleware-0x03/chats/middleware.py", line 81, in __call__
    cache.set(key, request_times, timeout=self.WINDOW_SECONDS)
UnboundLocalError: local variable 'key' referenced before assignment
INFO 2025-06-10 05:21:51,074 chats.middleware 6024 140711081314048 2025-06-10 05:21:51.074733+00:00 - User:   - Path: /favicon.ico
INFO 2025-06-10 05:26:05,164 django.utils.autoreload 6415 139873198671680 Watching for file changes with StatReloader
INFO 2025-06-10 05:26:05,387 chats.middleware 6415 139873167210240 Request logging initialized
ERROR 2025-06-10 05:26:11,439 django.request 6415 139873144973056 Internal Server Error: /
Traceback (most recent call last):
  File "/home/alxprodev/alx-backend-python/messaging_app/venv/lib/python3.8/site-packages/django/core/handlers/exception.py", line 55, in inner
    response = get_response(request)
  File "/home/alxprodev/alx-backend-python/Django-Middleware-0x03/chats/middleware.py", line 81, in __call__
    cache.set(key, request_times, timeout=self.WINDOW_SECONDS)
UnboundLocalError: local variable 'key' referenced before assignment
INFO 2025-06-10 05:26:11,440 chats.middleware 6415 139873144973056 2025-06-10 05:26:11.440439+00:00 - User:   - Path: /
ERROR 2025-06-10 05:26:12,846 django.request 6415 139873144973056 Internal Server Error: /favicon.ico
Traceback (most recent call last):
  File "/home/alxprodev/alx-backend-python/messaging_app/venv/lib/python3.8/site-packages/django/core/handlers/exception.py", line 55, in inner
    response = get_response(request)
  File "/home/alxprodev/alx-backend-python/Django-Middleware-0x03/chats/middleware.py", line 81, in __call__
    cache.set(key, request_times, timeout=self.WINDOW_SECONDS)
UnboundLocalError: local variable 'key' referenced before assignment
INFO 2025-06-10 05:26:12,846 chats.middleware 6415 139873144973056 2025-06-10 05:26:12.846850+00:00 - User:   - Path: /favicon.ico
INFO 2025-06-10 05:34:33,919 django.utils.autoreload 6415 139873198671680 /home/alxprodev/alx-backend-python/Django-Middleware-0x03/chats/middleware.py changed, reloading.
INFO 2025-06-10 05:34:34,560 django.utils.autoreload 6883 139948377245504 Watching for file changes with StatReloader
INFO 2025-06-10 05:34:34,897 chats.middleware 6883 139948345784064 Request logging initialized
INFO 2025-06-10 05:34:40,981 chats.middleware 6883 139948331939584 2025-06-10 05:34:40.981559+00:00 - User:   - Path: /
WARNING 2025-06-10 05:34:40,982 django.request 6883 139948331939584 Not Found: /
INFO 2025-06-10 05:34:41,687 chats.middleware 6883 139948331939584 2025-06-10 05:34:41.687636+00:00 - User:   - Path: /favicon.ico
WARNING 2025-06-10 05:34:41,698 django.request 6883 139948331939584 Not Found: /favicon.ico
INFO 2025-06-10 05:34:48,719 chats.middleware 6883 139948331939584 2025-06-10 05:34:48.719376+00:00 - User:   - Path: /api/
INFO 2025-06-10 05:34:51,101 chats.middleware 6883 139948323546880 2025-06-10 05:34:51.101136+00:00 - User:   - Path: /api/users/
INFO 2025-06-10 05:35:22,497 chats.middleware 6883 139948323546880 2025-06-10 05:35:22.495455+00:00 - User:   - Path: /api/users/
INFO 2025-06-10 05:35:35,482 chats.middleware 6883 139948323546880 2025-06-10 05:35:35.482140+00:00 - User:   - Path: /api/
INFO 2025-06-10 05:35:37,401 chats.middleware 6883 139948323546880 2025-06-10 05:35:37.401101+00:00 - User:   - Path: /api/messages/
INFO 2025-06-10 05:36:02,877 chats.middleware 6883 139948323546880 2025-06-10 05:36:02.877374+00:00 - User:   - Path: /api-auth/login/
INFO 2025-06-10 05:39:57,798 django.utils.autoreload 7612 139810746156864 Watching for file changes with StatReloader
INFO 2025-06-10 05:39:58,006 chats.middleware 7612 139810714695424 Request logging initialized
INFO 2025-06-10 05:40:01,863 chats.middleware 7612 139810700850944 2025-06-10 05:40:01.863610+00:00 - User:   - Path: /api-auth/login/
INFO 2025-06-10 05:40:14,334 chats.middleware 7612 139810700850944 2025-06-10 05:40:14.334120+00:00 - User:   - Path: /api-auth/login/
INFO 2025-06-10 05:40:14,473 chats.middleware 7612 139810700850944 2025-06-10 05:40:14.473378+00:00 - User:   - Path: /api/
INFO 2025-06-10 05:40:47,468 chats.middleware 7612 139810692458240 2025-06-10 05:40:47.468585+00:00 - User:   - Path: /api/users/
INFO 2025-06-10 05:40:51,643 chats.middleware 7612 139810692458240 2025-06-10 05:40:51.643146+00:00 - User:   - Path: /api/
INFO 2025-06-10 05:40:53,911 chats.middleware 7612 139810692458240 2025-06-10 05:40:53.911458+00:00 - User:   - Path: /api/messages/
INFO 2025-06-10 05:41:17,534 chats.middleware 7612 139810700850944 2025-06-10 05:41:17.534167+00:00 - User:   - Path: /api/messages/
INFO 2025-06-10 05:41:27,664 chats.middleware 7612 139810700850944 2025-06-10 05:41:27.664795+00:00 - User:   - Path: /api/
INFO 2025-06-10 05:41:30,242 chats.middleware 7612 139810700850944 2025-06-10 05:41:30.242155+00:00 - User:   - Path: /api/conversations/
INFO 2025-06-10 05:41:41,103 chats.middleware 7612 139810692458240 2025-06-10 05:41:41.103916+00:00 - User:   - Path: /api/conversations/
INFO 2025-06-10 05:41:45,106 chats.middleware 7612 139810692458240 2025-06-10 05:41:45.106920+00:00 - User:   - Path: /api/conversations/
